app/build/intermediates/manifest_merge_blame_file/debug/manifest-merger-blame-debug-report.txt
1<?xml version="1.0" encoding="utf-8"?>
2<manifest xmlns:android="http://schemas.android.com/apk/res/android"
3    package="com.example.travelease"
4    android:versionCode="1"
5    android:versionName="1.0" >
6
7    <uses-sdk
8        android:minSdkVersion="21"
8-->src\main\AndroidManifest.xml
9        android:targetSdkVersion="28" />
9-->src\main\AndroidManifest.xml
10
11    <uses-permission android:name="android.permission.INTERNET" />
11-->src\main\AndroidManifest.xml:5:5-67
11-->src\main\AndroidManifest.xml:5:22-64
12    <uses-permission android:name="android.permission.ACCESS_FINE_LOCATION" />
12-->src\main\AndroidManifest.xml:6:5-79
12-->src\main\AndroidManifest.xml:6:22-76
13    <uses-permission android:name="android.permission.ACCESS_WIFI_STATE" /> <!-- Although the *SdkVersion is captured in gradle build files, this is required for non gradle builds -->
13-->[com.google.android.libraries.places:places:2.2.0] AndroidManifest.xml:10:5-76
13-->[com.google.android.libraries.places:places:2.2.0] AndroidManifest.xml:10:22-73
14    <!-- <uses-sdk android:minSdkVersion="14"/> -->
15    <uses-permission android:name="android.permission.ACCESS_NETWORK_STATE" />
15-->[com.google.firebase:firebase-database:19.3.0] AndroidManifest.xml:25:5-79
15-->[com.google.firebase:firebase-database:19.3.0] AndroidManifest.xml:25:22-76
16
17    <uses-feature
17-->[com.google.android.gms:play-services-maps:17.0.0] AndroidManifest.xml:26:5-28:35
18        android:glEsVersion="0x00020000"
18-->[com.google.android.gms:play-services-maps:17.0.0] AndroidManifest.xml:27:9-41
19        android:required="true" />
19-->[com.google.android.gms:play-services-maps:17.0.0] AndroidManifest.xml:28:9-32
20
21    <uses-permission android:name="android.permission.WAKE_LOCK" /> <!-- Required by older versions of Google Play services to create IID tokens -->
21-->[com.google.android.gms:play-services-measurement-api:17.2.2] AndroidManifest.xml:24:5-68
21-->[com.google.android.gms:play-services-measurement-api:17.2.2] AndroidManifest.xml:24:22-65
22    <uses-permission android:name="com.google.android.c2dm.permission.RECEIVE" />
22-->[com.google.firebase:firebase-iid:20.0.2] AndroidManifest.xml:26:5-82
22-->[com.google.firebase:firebase-iid:20.0.2] AndroidManifest.xml:26:22-79
23    <uses-permission android:name="com.google.android.finsky.permission.BIND_GET_INSTALL_REFERRER_SERVICE" />
23-->[com.google.android.gms:play-services-measurement:17.2.2] AndroidManifest.xml:26:5-110
23-->[com.google.android.gms:play-services-measurement:17.2.2] AndroidManifest.xml:26:22-107
24
25    <application
25-->src\main\AndroidManifest.xml:8:5-44:19
26        android:allowBackup="true"
26-->src\main\AndroidManifest.xml:9:9-35
27        android:appComponentFactory="androidx.core.app.CoreComponentFactory"
27-->[androidx.core:core:1.1.0] AndroidManifest.xml:24:18-86
28        android:debuggable="true"
29        android:icon="@mipmap/ic_launcher"
29-->src\main\AndroidManifest.xml:10:9-43
30        android:label="@string/app_name"
30-->src\main\AndroidManifest.xml:11:9-41
31        android:roundIcon="@mipmap/ic_launcher_round"
31-->src\main\AndroidManifest.xml:12:9-54
32        android:supportsRtl="true"
32-->src\main\AndroidManifest.xml:13:9-35
33        android:testOnly="true"
34        android:theme="@style/AppTheme" >
34-->src\main\AndroidManifest.xml:14:9-40
35        <activity android:name="com.example.travelease.listviewactivty" />
35-->src\main\AndroidManifest.xml:15:9-62
35-->src\main\AndroidManifest.xml:15:19-50
36        <activity android:name="com.example.travelease.WeatherController" />
36-->src\main\AndroidManifest.xml:16:9-55
36-->src\main\AndroidManifest.xml:16:19-52
37
38        <meta-data
38-->src\main\AndroidManifest.xml:18:9-20:71
39            android:name="com.google.android.geo.API_KEY"
39-->src\main\AndroidManifest.xml:19:13-58
40            android:value="AIzaSyC15AL8JjDv1ClSklVa-rZEEKlNiWUN18o" />
40-->src\main\AndroidManifest.xml:20:13-68
41
42        <activity
42-->src\main\AndroidManifest.xml:22:9-25:59
43            android:name="com.example.travelease.MapActivity"
43-->src\main\AndroidManifest.xml:23:13-40
44            android:label="@string/title_activity_map"
44-->src\main\AndroidManifest.xml:24:13-55
45            android:theme="@style/AppTheme.NoActionBar" />
45-->src\main\AndroidManifest.xml:25:13-56
46        <activity android:name="com.example.travelease.Permissions" />
46-->src\main\AndroidManifest.xml:26:9-49
46-->src\main\AndroidManifest.xml:26:19-46
47        <activity android:name="com.example.travelease.Register" />
47-->src\main\AndroidManifest.xml:27:9-46
47-->src\main\AndroidManifest.xml:27:19-43
48        <activity android:name="com.example.travelease.Login" >
48-->src\main\AndroidManifest.xml:28:9-34:20
48-->src\main\AndroidManifest.xml:28:19-40
49            <intent-filter>
49-->src\main\AndroidManifest.xml:29:13-33:29
50                <action android:name="android.intent.action.MAIN" />
50-->src\main\AndroidManifest.xml:30:17-69
50-->src\main\AndroidManifest.xml:30:25-66
51
52                <category android:name="android.intent.category.LAUNCHER" />
52-->src\main\AndroidManifest.xml:32:17-77
52-->src\main\AndroidManifest.xml:32:27-74
53            </intent-filter>
54        </activity>
55        <activity android:name="com.example.travelease.MainActivity" >
55-->src\main\AndroidManifest.xml:35:9-39:20
55-->src\main\AndroidManifest.xml:35:19-47
56            <intent-filter>
56-->src\main\AndroidManifest.xml:36:13-38:29
57                <category android:name="android.intent.category.LAUNCHER" />
57-->src\main\AndroidManifest.xml:32:17-77
57-->src\main\AndroidManifest.xml:32:27-74
58            </intent-filter>
59        </activity>
60
61        <meta-data
61-->src\main\AndroidManifest.xml:41:9-43:57
62            android:name="preloaded_fonts"
62-->src\main\AndroidManifest.xml:42:13-43
63            android:resource="@array/preloaded_fonts" />
63-->src\main\AndroidManifest.xml:43:13-54
64
65        <activity
65-->[com.karumi:dexter:6.1.0] AndroidManifest.xml:27:9-29:72
66            android:name="com.karumi.dexter.DexterActivity"
66-->[com.karumi:dexter:6.1.0] AndroidManifest.xml:28:13-60
67            android:theme="@style/Dexter.Internal.Theme.Transparent" />
67-->[com.karumi:dexter:6.1.0] AndroidManifest.xml:29:13-69
68        <activity
68-->[com.google.android.libraries.places:places:2.2.0] AndroidManifest.xml:14:9-20:20
69            android:name="com.google.android.libraries.places.widget.AutocompleteActivity"
69-->[com.google.android.libraries.places:places:2.2.0] AndroidManifest.xml:15:13-91
70            android:exported="false"
70-->[com.google.android.libraries.places:places:2.2.0] AndroidManifest.xml:16:13-37
71            android:label="@string/places_autocomplete_label"
71-->[com.google.android.libraries.places:places:2.2.0] AndroidManifest.xml:17:13-62
72            android:theme="@style/PlacesAutocompleteOverlay"
72-->[com.google.android.libraries.places:places:2.2.0] AndroidManifest.xml:18:13-61
73            android:windowSoftInputMode="adjustResize" >
73-->[com.google.android.libraries.places:places:2.2.0] AndroidManifest.xml:19:13-55
74        </activity>
75        <activity
75-->[com.google.firebase:firebase-auth:19.3.0] AndroidManifest.xml:24:9-31:50
76            android:name="com.google.firebase.auth.internal.FederatedSignInActivity"
76-->[com.google.firebase:firebase-auth:19.3.0] AndroidManifest.xml:25:13-85
77            android:excludeFromRecents="true"
77-->[com.google.firebase:firebase-auth:19.3.0] AndroidManifest.xml:26:13-46
78            android:exported="true"
78-->[com.google.firebase:firebase-auth:19.3.0] AndroidManifest.xml:27:13-36
79            android:launchMode="singleTask"
79-->[com.google.firebase:firebase-auth:19.3.0] AndroidManifest.xml:28:13-44
80            android:permission="com.google.firebase.auth.api.gms.permission.LAUNCH_FEDERATED_SIGN_IN"
80-->[com.google.firebase:firebase-auth:19.3.0] AndroidManifest.xml:29:13-102
81            android:theme="@android:style/Theme.Translucent.NoTitleBar" />
81-->[com.google.firebase:firebase-auth:19.3.0] AndroidManifest.xml:30:13-72
82
83        <service
83-->[com.google.firebase:firebase-auth:19.3.0] AndroidManifest.xml:33:9-39:19
84            android:name="com.google.firebase.components.ComponentDiscoveryService"
84-->[com.google.firebase:firebase-auth:19.3.0] AndroidManifest.xml:34:13-84
85            android:directBootAware="true"
85-->[com.google.firebase:firebase-common:19.3.0] AndroidManifest.xml:34:13-43
86            android:exported="false" >
86-->[com.google.firebase:firebase-auth:19.3.0] AndroidManifest.xml:35:13-37
87            <meta-data
87-->[com.google.firebase:firebase-auth:19.3.0] AndroidManifest.xml:36:13-38:85
88                android:name="com.google.firebase.components:com.google.firebase.auth.FirebaseAuthRegistrar"
88-->[com.google.firebase:firebase-auth:19.3.0] AndroidManifest.xml:37:17-109
89                android:value="com.google.firebase.components.ComponentRegistrar" />
89-->[com.google.firebase:firebase-auth:19.3.0] AndroidManifest.xml:38:17-82
90            <meta-data
90-->[com.google.firebase:firebase-database:19.3.0] AndroidManifest.xml:32:13-34:85
91                android:name="com.google.firebase.components:com.google.firebase.database.DatabaseRegistrar"
91-->[com.google.firebase:firebase-database:19.3.0] AndroidManifest.xml:33:17-109
92                android:value="com.google.firebase.components.ComponentRegistrar" />
92-->[com.google.firebase:firebase-database:19.3.0] AndroidManifest.xml:34:17-82
93            <meta-data
93-->[com.google.android.gms:play-services-measurement-api:17.2.2] AndroidManifest.xml:30:13-32:85
94                android:name="com.google.firebase.components:com.google.firebase.analytics.connector.internal.AnalyticsConnectorRegistrar"
94-->[com.google.android.gms:play-services-measurement-api:17.2.2] AndroidManifest.xml:31:17-139
95                android:value="com.google.firebase.components.ComponentRegistrar" />
95-->[com.google.android.gms:play-services-measurement-api:17.2.2] AndroidManifest.xml:32:17-82
96            <meta-data
96-->[com.google.firebase:firebase-iid:20.0.2] AndroidManifest.xml:32:13-34:85
97                android:name="com.google.firebase.components:com.google.firebase.iid.Registrar"
97-->[com.google.firebase:firebase-iid:20.0.2] AndroidManifest.xml:33:17-96
98                android:value="com.google.firebase.components.ComponentRegistrar" />
98-->[com.google.firebase:firebase-iid:20.0.2] AndroidManifest.xml:34:17-82
99        </service> <!-- Needs to be explicitly declared on P+ -->
100        <uses-library
100-->[com.google.android.gms:play-services-maps:17.0.0] AndroidManifest.xml:33:9-35:40
101            android:name="org.apache.http.legacy"
101-->[com.google.android.gms:play-services-maps:17.0.0] AndroidManifest.xml:34:13-50
102            android:required="false" />
102-->[com.google.android.gms:play-services-maps:17.0.0] AndroidManifest.xml:35:13-37
103
104        <meta-data
104-->[com.google.maps.android:android-maps-utils:1.0.2] AndroidManifest.xml:12:9-14:69
105            android:name="com.google.android.gms.version"
105-->[com.google.maps.android:android-maps-utils:1.0.2] AndroidManifest.xml:13:13-58
106            android:value="@integer/google_play_services_version" />
106-->[com.google.maps.android:android-maps-utils:1.0.2] AndroidManifest.xml:14:13-66
107
108        <receiver
108-->[com.google.firebase:firebase-iid:20.0.2] AndroidManifest.xml:37:9-44:20
109            android:name="com.google.firebase.iid.FirebaseInstanceIdReceiver"
109-->[com.google.firebase:firebase-iid:20.0.2] AndroidManifest.xml:38:13-78
110            android:exported="true"
110-->[com.google.firebase:firebase-iid:20.0.2] AndroidManifest.xml:39:13-36
111            android:permission="com.google.android.c2dm.permission.SEND" >
111-->[com.google.firebase:firebase-iid:20.0.2] AndroidManifest.xml:40:13-73
112            <intent-filter>
112-->[com.google.firebase:firebase-iid:20.0.2] AndroidManifest.xml:41:13-43:29
113                <action android:name="com.google.android.c2dm.intent.RECEIVE" />
113-->[com.google.firebase:firebase-iid:20.0.2] AndroidManifest.xml:42:17-81
113-->[com.google.firebase:firebase-iid:20.0.2] AndroidManifest.xml:42:25-78
114            </intent-filter>
115        </receiver>
116
117        <activity
117-->[com.google.android.gms:play-services-base:17.1.0] AndroidManifest.xml:23:9-26:75
118            android:name="com.google.android.gms.common.api.GoogleApiActivity"
118-->[com.google.android.gms:play-services-base:17.1.0] AndroidManifest.xml:24:13-79
119            android:exported="false"
119-->[com.google.android.gms:play-services-base:17.1.0] AndroidManifest.xml:25:13-37
120            android:theme="@android:style/Theme.Translucent.NoTitleBar" />
120-->[com.google.android.gms:play-services-base:17.1.0] AndroidManifest.xml:26:13-72
121
122        <provider
122-->[com.google.firebase:firebase-common:19.3.0] AndroidManifest.xml:26:9-30:39
123            android:name="com.google.firebase.provider.FirebaseInitProvider"
123-->[com.google.firebase:firebase-common:19.3.0] AndroidManifest.xml:27:13-77
124            android:authorities="com.example.travelease.firebaseinitprovider"
124-->[com.google.firebase:firebase-common:19.3.0] AndroidManifest.xml:28:13-72
125            android:exported="false"
125-->[com.google.firebase:firebase-common:19.3.0] AndroidManifest.xml:29:13-37
126            android:initOrder="100" />
126-->[com.google.firebase:firebase-common:19.3.0] AndroidManifest.xml:30:13-36
127
128        <receiver
128-->[com.google.android.gms:play-services-measurement:17.2.2] AndroidManifest.xml:29:9-33:20
129            android:name="com.google.android.gms.measurement.AppMeasurementReceiver"
129-->[com.google.android.gms:play-services-measurement:17.2.2] AndroidManifest.xml:30:13-85
130            android:enabled="true"
130-->[com.google.android.gms:play-services-measurement:17.2.2] AndroidManifest.xml:31:13-35
131            android:exported="false" >
131-->[com.google.android.gms:play-services-measurement:17.2.2] AndroidManifest.xml:32:13-37
132        </receiver>
133        <receiver
133-->[com.google.android.gms:play-services-measurement:17.2.2] AndroidManifest.xml:34:9-42:20
134            android:name="com.google.android.gms.measurement.AppMeasurementInstallReferrerReceiver"
134-->[com.google.android.gms:play-services-measurement:17.2.2] AndroidManifest.xml:35:13-100
135            android:enabled="true"
135-->[com.google.android.gms:play-services-measurement:17.2.2] AndroidManifest.xml:36:13-35
136            android:exported="true"
136-->[com.google.android.gms:play-services-measurement:17.2.2] AndroidManifest.xml:37:13-36
137            android:permission="android.permission.INSTALL_PACKAGES" >
137-->[com.google.android.gms:play-services-measurement:17.2.2] AndroidManifest.xml:38:13-69
138            <intent-filter>
138-->[com.google.android.gms:play-services-measurement:17.2.2] AndroidManifest.xml:39:13-41:29
139                <action android:name="com.android.vending.INSTALL_REFERRER" />
139-->[com.google.android.gms:play-services-measurement:17.2.2] AndroidManifest.xml:40:17-79
139-->[com.google.android.gms:play-services-measurement:17.2.2] AndroidManifest.xml:40:25-76
140            </intent-filter>
141        </receiver>
142
143        <service
143-->[com.google.android.gms:play-services-measurement:17.2.2] AndroidManifest.xml:44:9-47:40
144            android:name="com.google.android.gms.measurement.AppMeasurementService"
144-->[com.google.android.gms:play-services-measurement:17.2.2] AndroidManifest.xml:45:13-84
145            android:enabled="true"
145-->[com.google.android.gms:play-services-measurement:17.2.2] AndroidManifest.xml:46:13-35
146            android:exported="false" />
146-->[com.google.android.gms:play-services-measurement:17.2.2] AndroidManifest.xml:47:13-37
147        <service
147-->[com.google.android.gms:play-services-measurement:17.2.2] AndroidManifest.xml:48:9-52:72
148            android:name="com.google.android.gms.measurement.AppMeasurementJobService"
148-->[com.google.android.gms:play-services-measurement:17.2.2] AndroidManifest.xml:49:13-87
149            android:enabled="true"
149-->[com.google.android.gms:play-services-measurement:17.2.2] AndroidManifest.xml:50:13-35
150            android:exported="false"
150-->[com.google.android.gms:play-services-measurement:17.2.2] AndroidManifest.xml:51:13-37
151            android:permission="android.permission.BIND_JOB_SERVICE" />
151-->[com.google.android.gms:play-services-measurement:17.2.2] AndroidManifest.xml:52:13-69
152        <service
152-->[com.google.android.datatransport:transport-backend-cct:2.1.0] AndroidManifest.xml:29:9-35:19
153            android:name="com.google.android.datatransport.runtime.backends.TransportBackendDiscovery"
153-->[com.google.android.datatransport:transport-backend-cct:2.1.0] AndroidManifest.xml:30:13-103
154            android:exported="false" >
154-->[com.google.android.datatransport:transport-backend-cct:2.1.0] AndroidManifest.xml:31:13-37
155            <meta-data
155-->[com.google.android.datatransport:transport-backend-cct:2.1.0] AndroidManifest.xml:32:13-34:39
156                android:name="backend:com.google.android.datatransport.cct.CctBackendFactory"
156-->[com.google.android.datatransport:transport-backend-cct:2.1.0] AndroidManifest.xml:33:17-94
157                android:value="cct" />
157-->[com.google.android.datatransport:transport-backend-cct:2.1.0] AndroidManifest.xml:34:17-36
158        </service>
159        <service
159-->[com.google.android.datatransport:transport-runtime:2.1.0] AndroidManifest.xml:26:9-30:19
160            android:name="com.google.android.datatransport.runtime.scheduling.jobscheduling.JobInfoSchedulerService"
160-->[com.google.android.datatransport:transport-runtime:2.1.0] AndroidManifest.xml:27:13-117
161            android:exported="false"
161-->[com.google.android.datatransport:transport-runtime:2.1.0] AndroidManifest.xml:28:13-37
162            android:permission="android.permission.BIND_JOB_SERVICE" >
162-->[com.google.android.datatransport:transport-runtime:2.1.0] AndroidManifest.xml:29:13-69
163        </service>
164
165        <receiver
165-->[com.google.android.datatransport:transport-runtime:2.1.0] AndroidManifest.xml:32:9-34:40
166            android:name="com.google.android.datatransport.runtime.scheduling.jobscheduling.AlarmManagerSchedulerBroadcastReceiver"
166-->[com.google.android.datatransport:transport-runtime:2.1.0] AndroidManifest.xml:33:13-132
167            android:exported="false" />
167-->[com.google.android.datatransport:transport-runtime:2.1.0] AndroidManifest.xml:34:13-37
168
169        <provider
169-->[androidx.lifecycle:lifecycle-process:2.1.0] AndroidManifest.xml:23:9-27:43
170            android:name="androidx.lifecycle.ProcessLifecycleOwnerInitializer"
170-->[androidx.lifecycle:lifecycle-process:2.1.0] AndroidManifest.xml:24:13-79
171            android:authorities="com.example.travelease.lifecycle-process"
171-->[androidx.lifecycle:lifecycle-process:2.1.0] AndroidManifest.xml:25:13-69
172            android:exported="false"
172-->[androidx.lifecycle:lifecycle-process:2.1.0] AndroidManifest.xml:26:13-37
173            android:multiprocess="true" />
173-->[androidx.lifecycle:lifecycle-process:2.1.0] AndroidManifest.xml:27:13-40
174    </application>
175
176</manifest>